<?xml version="1.0" encoding="UTF-8"?>
<!-- Generated by org.testng.reporters.JUnitReportReporter -->
<testsuite hostname="DESKTOP-TIC5DM4" failures="0" tests="3" name="javalab.PrintOptional_Value" time="0.038" errors="0" timestamp="2024-09-02T06:28:13 IST" skipped="0">
  <testcase classname="javalab.PrintOptional_Value" name="test1" time="0.011"/>
  <system-out/>
  <testcase classname="javalab.PrintOptional_Value" name="sample1" time="0.022"/>
  <system-out/>
  <testcase classname="javalab.PrintOptional_Value" name="test2" time="0.005"/>
  <system-out/>
</testsuite> <!-- javalab.PrintOptional_Value -->
