<?xml version="1.0" encoding="UTF-8"?>
<!-- Generated by org.testng.reporters.JUnitReportReporter -->
<testsuite hostname="DESKTOP-TIC5DM4" failures="0" tests="5" name="javalab.Priority" time="0.045" errors="0" timestamp="2024-09-02T06:27:52 IST" skipped="0">
  <testcase classname="javalab.Priority" name="sample" time="0.031"/>
  <system-out/>
  <testcase classname="javalab.Priority" name="sample5" time="0.003"/>
  <system-out/>
  <testcase classname="javalab.Priority" name="sample1" time="0.006"/>
  <system-out/>
  <testcase classname="javalab.Priority" name="sample3" time="0.002"/>
  <system-out/>
  <testcase classname="javalab.Priority" name="sample4" time="0.003"/>
  <system-out/>
</testsuite> <!-- javalab.Priority -->
