<?xml version="1.0" encoding="UTF-8"?>
<!-- Generated by org.testng.reporters.JUnitReportReporter -->
<testsuite hostname="DESKTOP-TIC5DM4" failures="0" tests="2" name="javalab.HelloTestNG" time="0.023" errors="0" timestamp="2024-09-02T06:28:04 IST" skipped="0">
  <testcase classname="javalab.HelloTestNG" name="test2" time="0.006"/>
  <system-out/>
  <testcase classname="javalab.HelloTestNG" name="test1" time="0.017"/>
  <system-out/>
</testsuite> <!-- javalab.HelloTestNG -->
