<?xml version="1.0" encoding="UTF-8"?>
<!-- Generated by org.testng.reporters.JUnitReportReporter -->
<testsuite hostname="DESKTOP-TIC5DM4" failures="0" tests="11" name="javalab.Invoc" time="0.103" errors="0" timestamp="2024-08-20T10:26:06 IST" skipped="0">
  <testcase classname="javalab.Invoc" name="sample1" time="0.011"/>
  <testcase classname="javalab.Invoc" name="sample1" time="0.007"/>
  <testcase classname="javalab.Invoc" name="sample1" time="0.009"/>
  <testcase classname="javalab.Invoc" name="sample1" time="0.005"/>
  <testcase classname="javalab.Invoc" name="sample1" time="0.009"/>
  <testcase classname="javalab.Invoc" name="samp1" time="0.023"/>
  <testcase classname="javalab.Invoc" name="sample1" time="0.009"/>
  <testcase classname="javalab.Invoc" name="sample1" time="0.007"/>
  <testcase classname="javalab.Invoc" name="sample1" time="0.013"/>
  <testcase classname="javalab.Invoc" name="sample1" time="0.006"/>
  <testcase classname="javalab.Invoc" name="sample1" time="0.004"/>
</testsuite> <!-- javalab.Invoc -->
