<?xml version="1.0" encoding="UTF-8"?>
<!-- Generated by org.testng.reporters.JUnitReportReporter -->
<testsuite hostname="DESKTOP-TIC5DM4" failures="0" tests="2" name="javalab.TestNGTitleDemo" time="25.748" errors="0" timestamp="2024-08-30T07:00:00 IST" skipped="0">
  <testcase classname="javalab.TestNGTitleDemo" name="test2" time="16.771"/>
  <system-out/>
  <testcase classname="javalab.TestNGTitleDemo" name="test1" time="8.977"/>
  <system-out/>
</testsuite> <!-- javalab.TestNGTitleDemo -->
