<?xml version="1.0" encoding="UTF-8"?>
<!-- Generated by org.testng.reporters.JUnitReportReporter -->
<testsuite hostname="DESKTOP-TIC5DM4" failures="0" tests="2" name="javalab.Invoc_enable" time="0.016" errors="0" timestamp="2024-08-20T10:05:27 IST" skipped="1">
  <testcase classname="javalab.Invoc_enable" name="samp1" time="0.016"/>
  <testcase classname="javalab.Invoc_enable" name="sample1">
    <skipped/>
  </testcase> <!-- sample1 -->
</testsuite> <!-- javalab.Invoc_enable -->
